1520704063: mosquitto version 1.4.10 (build date Mon, 29 May 2017 13:43:29 +0100) starting
1520704063: Config loaded from /etc/mosquitto/mosquitto.conf.
1520704063: Opening ipv4 listen socket on port 4000.
1520704063: Error: Address already in use
1520704264: mosquitto version 1.4.10 (build date Mon, 29 May 2017 13:43:29 +0100) starting
1520704264: Config loaded from /etc/mosquitto//mosquitto.conf.
1520704264: Opening ipv4 listen socket on port 4000.
1520704264: Error: Address already in use
1520704274: mosquitto version 1.4.10 (build date Mon, 29 May 2017 13:43:29 +0100) starting
1520704274: Config loaded from /etc/mosquitto/mosquitto.conf.
1520704274: Opening ipv4 listen socket on port 4000.
1520704274: Error: Address already in use
1520704355: mosquitto version 1.4.10 (build date Mon, 29 May 2017 13:43:29 +0100) starting
1520704355: Config loaded from /etc/mosquitto/mosquitto.conf.
1520704355: Opening ipv4 listen socket on port 4020.
1520704572: mosquitto version 1.4.10 terminating
1520704591: mosquitto version 1.4.10 (build date Mon, 29 May 2017 13:43:29 +0100) starting
1520704591: Config loaded from /etc/mosquitto/mosquitto.conf.
1520704591: Opening ipv4 listen socket on port 4020.
1520704591: Opening ipv6 listen socket on port 4020.
1520704648: mosquitto version 1.4.10 terminating
1520704664: mosquitto version 1.4.10 (build date Mon, 29 May 2017 13:43:29 +0100) starting
1520704664: Config loaded from /etc/mosquitto/mosquitto.conf.
1520704664: Opening ipv4 listen socket on port 4020.
1520704664: Opening ipv6 listen socket on port 4020.
1520704671: New connection from 192.168.0.12 on port 4020.
1520704671: New client connected from 192.168.0.12 as mosqpub/17937-PC (c1, k60).
1520704671: Sending CONNACK to mosqpub/17937-PC (0, 0)
1520704671: Received PUBLISH from mosqpub/17937-PC (d0, q0, r0, m0, 'test/test', ... (7 bytes))
1520704671: Received DISCONNECT from mosqpub/17937-PC
1520704671: Client mosqpub/17937-PC disconnected.
1520704754: New connection from 192.168.0.12 on port 4020.
1520704754: New client connected from 192.168.0.12 as mosqsub/17998-PC (c1, k60).
1520704754: Sending CONNACK to mosqsub/17998-PC (0, 0)
1520704754: Received SUBSCRIBE from mosqsub/17998-PC
1520704754: 	test/test (QoS 0)
1520704754: mosqsub/17998-PC 0 test/test
1520704754: Sending SUBACK to mosqsub/17998-PC
1520704757: New connection from 192.168.0.12 on port 4020.
1520704757: New client connected from 192.168.0.12 as mosqpub/18001-PC (c1, k60).
1520704757: Sending CONNACK to mosqpub/18001-PC (0, 0)
1520704757: Received PUBLISH from mosqpub/18001-PC (d0, q0, r0, m0, 'test/test', ... (7 bytes))
1520704757: Sending PUBLISH to mosqsub/17998-PC (d0, q0, r0, m0, 'test/test', ... (7 bytes))
1520704757: Received DISCONNECT from mosqpub/18001-PC
1520704757: Client mosqpub/18001-PC disconnected.
1520704758: New connection from 192.168.0.12 on port 4020.
1520704758: New client connected from 192.168.0.12 as mosqpub/18002-PC (c1, k60).
1520704758: Sending CONNACK to mosqpub/18002-PC (0, 0)
1520704758: Received PUBLISH from mosqpub/18002-PC (d0, q0, r0, m0, 'test/test', ... (7 bytes))
1520704758: Sending PUBLISH to mosqsub/17998-PC (d0, q0, r0, m0, 'test/test', ... (7 bytes))
1520704758: Received DISCONNECT from mosqpub/18002-PC
1520704758: Client mosqpub/18002-PC disconnected.
1520704759: New connection from 192.168.0.12 on port 4020.
1520704759: New client connected from 192.168.0.12 as mosqpub/18003-PC (c1, k60).
1520704759: Sending CONNACK to mosqpub/18003-PC (0, 0)
1520704759: Received PUBLISH from mosqpub/18003-PC (d0, q0, r0, m0, 'test/test', ... (7 bytes))
1520704759: Sending PUBLISH to mosqsub/17998-PC (d0, q0, r0, m0, 'test/test', ... (7 bytes))
1520704759: Received DISCONNECT from mosqpub/18003-PC
1520704759: Client mosqpub/18003-PC disconnected.
1520704759: New connection from 192.168.0.12 on port 4020.
1520704759: New client connected from 192.168.0.12 as mosqpub/18004-PC (c1, k60).
1520704759: Sending CONNACK to mosqpub/18004-PC (0, 0)
1520704759: Received PUBLISH from mosqpub/18004-PC (d0, q0, r0, m0, 'test/test', ... (7 bytes))
1520704759: Sending PUBLISH to mosqsub/17998-PC (d0, q0, r0, m0, 'test/test', ... (7 bytes))
1520704759: Received DISCONNECT from mosqpub/18004-PC
1520704759: Client mosqpub/18004-PC disconnected.
1520704770: Socket error on client mosqsub/17998-PC, disconnecting.
1520704776: Error in poll: Interrupted system call.
1520704776: Reloading config.
1520704776: Error in poll: Interrupted system call.
1520704776: Reloading config.
1520704958: Error in poll: Interrupted system call.
1520704958: mosquitto version 1.4.10 terminating
